//*****************************************************************
// Script Compiler V6.06
// Author: Sibilev A.S.
// Web: www.rc.saliLab.com
//*****************************************************************

//==================
// types list
int int
*int *int
float float
*float *float
cstring cstring
*cstring *cstring
void void
*void *void
fail type undef
cblock cblock
*cblock *cblock
empty type <int()>
empty type <void()>
*empty type *<void()>
empty type <int(,*<void()>,int)>
empty type <void(,cstring,int,int,int)>
empty type <void(,cstring)>
empty type <void(,int)>
empty type <int(,int)>
empty type <int(,cstring)>
empty type <int(,int,int)>
empty type <int(,int,int,int)>
empty type <void(,int,int)>
empty type <void(,int,int,int)>
empty type <void(,int,int,int,int)>
empty type <void(,int,*cblock,int)>
empty type <void(,*int)>
empty type <void(,*int,*int)>
empty type <void(,*int,*int,*int)>
empty type <void(,*int,*int,*int,*int)>
empty type <int(,int,int,*cblock,int)>
empty type <int(,int,int,int,int)>
empty type <void(,float,float,float,float,float,float,float)>
empty type <float(,float)>
empty type <void(,float,float,float,float)>
empty type <float(,float,float)>
empty type <float(,float,*int)>
empty type <float(,float,int)>
empty type <float(,float,*float)>
class SfVector3 {
members:
 float 0:x
 float 1:y
 float 2:z
class SfMatrix3x3 {
members:
 []float 0:m
float[9] []float
class SfMatrix4x4 {
members:
 []float 0:m
*SfMatrix3x3 *:SfMatrix3x3
empty type <void(,*:SfMatrix3x3,float,float,float,float)>
empty type <void(,*:SfMatrix3x3)>
*SfVector3 *:SfVector3
empty type <void(,*:SfVector3)>
empty type <void(,*:SfVector3,float,float,float)>
empty type <void(,*:SfVector3,*:SfVector3,*:SfVector3)>
empty type <float(,*:SfVector3,float,float,float)>
empty type <float(,*:SfVector3,*:SfVector3)>
empty type <void(,*:SfVector3,*:SfVector3,float)>
empty type <void(,*:SfMatrix3x3,float,float,float,float,float,float,float,float,float)>
empty type <void(,*:SfMatrix3x3,float)>
empty type <void(,*:SfMatrix3x3,*:SfMatrix3x3)>
empty type <void(,*:SfMatrix3x3,*:SfMatrix3x3,*:SfMatrix3x3)>
empty type <void(,*:SfMatrix3x3,*:SfMatrix3x3,float)>
empty type <void(,*:SfVector3,*:SfMatrix3x3,*:SfVector3)>
empty type <void(,*:SfVector3,*:SfVector3,*:SfMatrix3x3)>

//==================
// global variables
int 1:svFrameCount
int 1000:svImuAccX
int 1001:svImuAccY
int 1002:svImuAccZ
int 1003:svImuAccRawX
int 1004:svImuAccRawY
int 1005:svImuAccRawZ
int 1006:svImuGyroX
int 1007:svImuGyroY
int 1008:svImuGyroZ
int 1009:svImuGyroRawX
int 1010:svImuGyroRawY
int 1011:svImuGyroRawZ
int 1012:svImuQuaterX
int 1013:svImuQuaterY
int 1014:svImuQuaterZ
int 1015:svImuQuaterW
int 1016:svImuQuaterAcc
int 1017:svImuAccSlowX
int 1018:svImuAccSlowY
int 1019:svImuAccSlowZ
int 1020:svAdc
int 1021:svButtonLeft
int 1022:svButtonRight
int 1023:svButtonPress
int 1024:svHeadControlMask
float 1025:svEulerYaw
float 1026:svEulerPitch
float 1027:svEulerRoll
int 1190:svRemoteStatus
int 1191:svRemoteButton
int 1192:svRemoteLeftJoystick
int 1193:svRemoteLeftJoystickX
int 1194:svRemoteLeftJoystickY
int 1195:svRemoteRightJoystick
int 1196:svRemoteRightJoystickX
int 1197:svRemoteRightJoystickY
int 1204:svHumoModelDistPelvic
int 1205:svHumoModelLengthPelvicHip
int 1206:svHumoModelLengthHipHip
int 1207:svHumoModelLengthHipKnee
int 1208:svHumoModelLengthKneeFoot
int 1209:svHumoModelLengthFootFoot
int 1210:svHumoModelDistFootFloor
int 1211:svHumoModelFootLength
int 1212:svHumoModelFootWidth
int 1213:svHumoModelFootCenterBack
int 1214:svHumoModelFootCenterInner
int 1198:svHumoModelAngPelvic
int 1200:svHumoModelAngHipSide
int 1199:svHumoModelAngHip
int 1201:svHumoModelAngKnee
int 1202:svHumoModelAngFoot
int 1203:svHumoModelAngFootSide
float 1215:svIkA5
float 1216:svIkB5
float 1217:svIkC5
float 1218:svIkA6
float 1219:svIkA7
float 1220:svIkA8
float 1221:svIkA9
float 1222:svIkA10
float 1223:svIkB10
float 1224:svIkC10
float 1225:svIkLimA5min
float 1226:svIkLimA5max
float 1227:svIkLimA6min
float 1228:svIkLimA6max
float 1229:svIkLimA7min
float 1230:svIkLimA7max
float 1231:svIkLimA8min
float 1232:svIkLimA8max
float 1233:svIkLimA9min
float 1234:svIkLimA9max
float 1235:svIkLimA10min
float 1236:svIkLimA10max
int 1237:svIkOutPresent
int 1238:svIkEncA5
int 1239:svIkEncA6
int 1240:svIkEncA7
int 1241:svIkEncA8
int 1242:svIkEncA9
int 1243:svIkEncA10
int 1030:headRotateTarget
int 1031:headRotateCurrent
int 1032:headRotatePwm
int 1033:headRotateAddonMix
int 1034:torsoRotateTarget
int 1035:torsoRotateCurrent
int 1036:torsoRotatePwm
int 1037:torsoRotateAddonMix
int 1038:rightClavicleTarget
int 1039:rightClavicleCurrent
int 1040:rightClaviclePwm
int 1041:rightClavicleAddonMix
int 1042:leftClavicleTarget
int 1043:leftClavicleCurrent
int 1044:leftClaviclePwm
int 1045:leftClavicleAddonMix
int 1046:rightShoulderTarget
int 1047:rightShoulderCurrent
int 1048:rightShoulderPwm
int 1049:rightShoulderAddonMix
int 1050:leftShoulderTarget
int 1051:leftShoulderCurrent
int 1052:leftShoulderPwm
int 1053:leftShoulderAddonMix
int 1054:rightElbowSideTarget
int 1055:rightElbowSideCurrent
int 1056:rightElbowSidePwm
int 1057:rightElbowSideAddonMix
int 1058:leftElbowSideTarget
int 1059:leftElbowSideCurrent
int 1060:leftElbowSidePwm
int 1061:leftElbowSideAddonMix
int 1062:rightElbowTarget
int 1063:rightElbowCurrent
int 1064:rightElbowPwm
int 1065:rightElbowAddonMix
int 1066:leftElbowTarget
int 1067:leftElbowCurrent
int 1068:leftElbowPwm
int 1069:leftElbowAddonMix
int 1070:rightPelvicTarget
int 1071:rightPelvicCurrent
int 1072:rightPelvicPwm
int 1073:rightPelvicAddonMix
int 1074:leftPelvicTarget
int 1075:leftPelvicCurrent
int 1076:leftPelvicPwm
int 1077:leftPelvicAddonMix
int 1078:rightHipSideTarget
int 1079:rightHipSideCurrent
int 1080:rightHipSidePwm
int 1081:rightHipSideAddonMix
int 1082:leftHipSideTarget
int 1083:leftHipSideCurrent
int 1084:leftHipSidePwm
int 1085:leftHipSideAddonMix
int 1086:rightHipTarget
int 1087:rightHipCurrent
int 1088:rightHipPwm
int 1089:rightHipAddonMix
int 1090:leftHipTarget
int 1091:leftHipCurrent
int 1092:leftHipPwm
int 1093:leftHipAddonMix
int 1094:rightKneeTarget
int 1095:rightKneeCurrent
int 1096:rightKneePwm
int 1097:rightKneeAddonMix
int 1098:leftKneeTarget
int 1099:leftKneeCurrent
int 1100:leftKneePwm
int 1101:leftKneeAddonMix
int 1102:rightFootFrontTarget
int 1103:rightFootFrontCurrent
int 1104:rightFootFrontPwm
int 1105:rightFootFrontAddonMix
int 1106:leftFootFrontTarget
int 1107:leftFootFrontCurrent
int 1108:leftFootFrontPwm
int 1109:leftFootFrontAddonMix
int 1110:rightFootSideTarget
int 1111:rightFootSideCurrent
int 1112:rightFootSidePwm
int 1113:rightFootSideAddonMix
int 1114:leftFootSideTarget
int 1115:leftFootSideCurrent
int 1116:leftFootSidePwm
int 1117:leftFootSideAddonMix
int 1118:rightHandTarget
int 1119:rightHandCurrent
int 1120:rightHandPwm
int 1121:rightHandAddonMix
int 1122:leftHandTarget
int 1123:leftHandCurrent
int 1124:leftHandPwm
int 1125:leftHandAddonMix
int 1130:headTiltTarget
int 1131:headTiltCurrent
int 1132:headTiltPwm
int 1133:headTiltAddonMix
int 1134:rightKneeBotTarget
int 1135:rightKneeBotCurrent
int 1136:rightKneeBotPwm
int 1137:rightKneeBotAddonMix
int 1138:leftKneeBotTarget
int 1139:leftKneeBotCurrent
int 1140:leftKneeBotPwm
int 1141:leftKneeBotAddonMix
int 1142:rightClawTarget
int 1143:rightClawCurrent
int 1144:rightClawPwm
int 1145:rightClawAddonMix
int 1146:leftClawTarget
int 1147:leftClawCurrent
int 1148:leftClawPwm
int 1149:leftClawAddonMix
int 2:restart_flag
int 3:pitStop
int 4:timeStep
int 5:orderFromHead
int 6:cycle_number
int 7:hipTilt
int 8:stepLengthOrder
int 9:fps
int 10:fr1
int 11:fr2
int 12:gaitHeight
int 13:stepHeight
float 14:bodyTiltAtWalk
float 15:solyLandingSkew
float 16:ugol_torsa
float 17:stepLength
float 18:sideLength
float 19:rotation
int 20:selfFirstLegIsRightLeg
int 21:motion_to_right
float 22:side_motion
int 23:selfInitPoses
int 24:selfExitFlag
int 25:selfFallingFlag
int 26:selfNeckPan
float 27:rotationYieldRight
float 28:rotationYieldLeft
int 29:framestep
float 30:xtr
float 31:ytr
float 32:ztr
float 33:xr
float 34:yr
float 35:zr
float 36:wr
float 37:xtl
float 38:ytl
float 39:ztl
float 40:xl
float 41:yl
float 42:zl
float 43:wl
float 44:e10
float 45:d10
float 46:amplitude
float 47:alpha01
float 48:correctedStepLenght
float 49:correctedStepLenghtHalf
float 50:correctedSideLenght
float 51:correctedSideLenghtHalf
float 52:ztr0
float 53:ztl0
float 54:stepZtr
float 55:stepZtl
float 56:stepYtr
float 57:stepYtl
int 58:stepType
int 59:flag
int 60:flag_event
float 61:dobavka_x_ot_torsa
float 62:tors_angle
int 63:torsoAdd
float 64:forwardDirection
float 65:correctedRotation
int 66:j
float 67:xtl0
float 68:xtr0
float 69:dx0Typical
float 70:dy0Typical
float 71:s
float 72:fase_offset
float 73:dx
float 74:dy
float 75:dx1
float 76:dx2
float 77:dx4
float 78:stepRotation
float 79:xtl_plan
float 80:xtr_plan
float 81:dx0
int 82:leftRightFactor
int 83:frontBackFactor

//==================
//  functions
function declare int sfVpuVersion(
) end function declare
function declare int sfCreateTask(
 *<void()> 3:fun
 int 2:stackSize
) end function declare
function declare void sfLog(
 cstring 5:title
 int 4:p1
 int 3:p2
 int 2:p3
) end function declare
function declare void sfLogOpen(
 cstring 2:fname
) end function declare
function declare void sfLogClose(
) end function declare
function declare void sfWaitFrameOut(
 int 2:frame
) end function declare
function declare int sfIsFrameOut(
 int 2:frame
) end function declare
function declare void sfWaitNextFrame(
) end function declare
function declare int sfSlotIndex(
 cstring 2:str
) end function declare
function declare int sfAbs(
 int 2:val
) end function declare
function declare int sfIMin(
 int 3:v1
 int 2:v2
) end function declare
function declare int sfIMax(
 int 3:v1
 int 2:v2
) end function declare
function declare int sfUMin(
 int 3:v1
 int 2:v2
) end function declare
function declare int sfUMax(
 int 3:v1
 int 2:v2
) end function declare
function declare int sfILimit(
 int 4:val
 int 3:minVal
 int 2:maxVal
) end function declare
function declare void sfStop(
) end function declare
function declare void sfStartSlot(
 int 2:slotIndex
) end function declare
function declare void sfBip(
 int 3:bipCount
 int 2:seriesCount
) end function declare
function declare void sfWriteFlash(
) end function declare
function declare void sfFreeGroup(
 int 2:unitMask
) end function declare
function declare void sfPoseGroup(
 int 4:unitMask
 int 3:angle
 int 2:frameCount
) end function declare
function declare void sfPoseGroupDelay(
 int 5:unitMask
 int 4:angle
 int 3:frameCount
 int 2:frameDelay
) end function declare
function declare void sfPoseCorrect(
 int 3:unitMask
 int 2:angle
) end function declare
function declare void sfQueueGroup(
 int 4:unitMask
 int 3:angle
 int 2:frameCount
) end function declare
function declare void sfPoseIdx(
 int 4:idx
 int 3:angle
 int 2:frameCount
) end function declare
function declare void sfPoseGroupLin(
 int 4:unitMask
 int 3:angle
 int 2:frameCount
) end function declare
function declare void sfStrainGroup(
 int 2:unitMask
) end function declare
function declare void sfPlaySamples(
 int 4:unitMask
 *cblock 3:samples
 int 2:frameCount
) end function declare
function declare void sfAccumSetup1(
 *int 2:ch0
) end function declare
function declare void sfAccumSetup2(
 *int 3:ch0
 *int 2:ch1
) end function declare
function declare void sfAccumSetup3(
 *int 4:ch0
 *int 3:ch1
 *int 2:ch2
) end function declare
function declare void sfAccumSetup4(
 *int 5:ch0
 *int 4:ch1
 *int 3:ch2
 *int 2:ch3
) end function declare
function declare void sfAccumTrigger(
) end function declare
function declare void sfAccumReset(
) end function declare
function declare int sfMathAcos(
 int 3:numerator
 int 2:denumerator
) end function declare
function declare int sfMathSqrti(
 int 2:v
) end function declare
function declare int sfMathAngleOfTriangle(
 int 4:sideA
 int 3:sideB
 int 2:sideC
) end function declare
function declare int sfMathAngleOfKnee(
 int 4:hip
 int 3:shin
 int 2:height
) end function declare
function declare int sfMathCathetOfSquareTriangle(
 int 3:cathet
 int 2:hypotenuse
) end function declare
function declare int sfMathHypotenuseOfSquareTriangle(
 int 3:cathet1
 int 2:cathet2
) end function declare
function declare int sfMathTableSin(
 int 3:index
 int 2:value
) end function declare
function declare void sfHumoModelSetup(
) end function declare
function declare void sfHumoModelFootAtFloor(
 int 4:front
 int 3:side
 int 2:height
) end function declare
function declare void sfHumoModelFootPush(
 int 4:back
 int 3:side
 int 2:height
) end function declare
function declare int sfIndexOfMask(
 int 2:unitMask
) end function declare
function declare int sfQueueIdxAppend(
 int 4:unitIndex
 int 3:val
 int 2:frameCount
) end function declare
function declare int sfQueueIdxOffsets(
 int 5:unitIndex
 int 4:from
 *cblock 3:offsets
 int 2:offsetCount
) end function declare
function declare int sfQueueIdxSinMove(
 int 5:unitIndex
 int 4:from
 int 3:to
 int 2:frameCount
) end function declare
function declare int sfQueueIdxLast(
 int 2:unitIndex
) end function declare
function declare int sfQueueIdxCount(
 int 2:unitIndex
) end function declare
function declare int sfQueueMax(
) end function declare
function declare void sfIkSetup(
) end function declare
function declare void sfIkAngle(
 float 8:xt
 float 7:yt
 float 6:zt
 float 5:x
 float 4:y
 float 3:z
 float 2:w
) end function declare
function declare float sfMathCos(
 float 2:r
) end function declare
function declare float sfMathSin(
 float 2:r
) end function declare
function declare void sfQuaternionToEuler(
 float 5:x
 float 4:y
 float 3:z
 float 2:w
) end function declare
function declare void sfQuaternionToEulerImu(
) end function declare
function declare float sfFMathACos(
 float 2:v
) end function declare
function declare float sfFMathASin(
 float 2:v
) end function declare
function declare float sfFMathATan(
 float 2:v
) end function declare
function declare float sfFMathATan2(
 float 3:y
 float 2:x
) end function declare
function declare float sfFMathCos(
 float 2:r
) end function declare
function declare float sfFMathSin(
 float 2:r
) end function declare
function declare float sfFMathTan(
 float 2:r
) end function declare
function declare float sfFMathCosh(
 float 2:v
) end function declare
function declare float sfFMathSinh(
 float 2:v
) end function declare
function declare float sfFMathTanh(
 float 2:v
) end function declare
function declare float sfFMathExp(
 float 2:v
) end function declare
function declare float sfFMathFrExp(
 float 3:v
 *int 2:num
) end function declare
function declare float sfFMathLdExp(
 float 3:num
 int 2:exp
) end function declare
function declare float sfFMathLog(
 float 2:v
) end function declare
function declare float sfFMathLog10(
 float 2:v
) end function declare
function declare float sfFMathModf(
 float 3:num
 *float 2:ptr
) end function declare
function declare float sfFMathPow(
 float 3:base
 float 2:exp
) end function declare
function declare float sfFMathSqrt(
 float 2:v
) end function declare
function declare float sfFMathCeil(
 float 2:v
) end function declare
function declare float sfFMathFAbs(
 float 2:v
) end function declare
function declare float sfFMathFloor(
 float 2:v
) end function declare
function declare float sfFMathFMod(
 float 3:x
 float 2:y
) end function declare
function declare void sfQuaternionToMatrix(
 *:SfMatrix3x3 6:mat
 float 5:qx
 float 4:qy
 float 3:qz
 float 2:qw
) end function declare
function declare void sfQuaternionToMatrixImu(
 *:SfMatrix3x3 2:mat
) end function declare
function declare void sfGravityVector(
 *:SfVector3 2:vec
) end function declare
function declare void sfVec3Set(
 *:SfVector3 5:vec
 float 4:x
 float 3:y
 float 2:z
) end function declare
function declare void sfVec3Sum(
 *:SfVector3 4:destVec
 *:SfVector3 3:srcVec1
 *:SfVector3 2:srcVec2
) end function declare
function declare void sfVec3Diff(
 *:SfVector3 4:destVec
 *:SfVector3 3:srcVec1
 *:SfVector3 2:srcVec2
) end function declare
function declare float sfVec3MulRowColCx(
 *:SfVector3 5:row
 float 4:c0
 float 3:c1
 float 2:c2
) end function declare
function declare float sfVec3MulRowCol(
 *:SfVector3 3:row
 *:SfVector3 2:col
) end function declare
function declare void sfVec3ScSum(
 *:SfVector3 4:destVec
 *:SfVector3 3:srcVec
 float 2:scalar
) end function declare
function declare void sfVec3ScDiff(
 *:SfVector3 4:destVec
 *:SfVector3 3:srcVec
 float 2:scalar
) end function declare
function declare void sfVec3ScMul(
 *:SfVector3 4:destVec
 *:SfVector3 3:srcVec
 float 2:scalar
) end function declare
function declare void sfVec3ScDiv(
 *:SfVector3 4:destVec
 *:SfVector3 3:srcVec
 float 2:scalar
) end function declare
function declare void sfMat3x3Set(
 *:SfMatrix3x3 11:destMat
 float 10:m00
 float 9:m01
 float 8:m02
 float 7:m10
 float 6:m11
 float 5:m12
 float 4:m20
 float 3:m21
 float 2:m22
) end function declare
function declare void sfMat3x3SetAll(
 *:SfMatrix3x3 3:destMat
 float 2:val
) end function declare
function declare void sfMat3x3SetDiag(
 *:SfMatrix3x3 3:destMat
 float 2:val
) end function declare
function declare void sfMat3x3Copy(
 *:SfMatrix3x3 3:destMat
 *:SfMatrix3x3 2:srcMat
) end function declare
function declare void sfMat3x3Transpose(
 *:SfMatrix3x3 3:destMat
 *:SfMatrix3x3 2:srcMat
) end function declare
function declare void sfMat3x3Mul(
 *:SfMatrix3x3 4:destMat
 *:SfMatrix3x3 3:srcMat1
 *:SfMatrix3x3 2:srcMat2
) end function declare
function declare void sfMat3x3ScMul(
 *:SfMatrix3x3 4:destMat
 *:SfMatrix3x3 3:srcMat
 float 2:scalar
) end function declare
function declare void sfMat3x3MulCol(
 *:SfVector3 4:destVec
 *:SfMatrix3x3 3:srcMat
 *:SfVector3 2:colVec
) end function declare
function declare void sfMat3x3RowMul(
 *:SfVector3 4:destVec
 *:SfVector3 3:rowVec
 *:SfMatrix3x3 2:srcMat
) end function declare
function declare void sfWaitFrame(
 int 2:frame
) end function declare
function declare void setup(
) end function declare
function declare void stabilizeRotationByIMU(
) end function declare
function declare int computeAlphaForWalk(
) end function declare
function declare void computeAlphaForWalkFine(
 int 2:frameCount
) end function declare
function declare void testDrop(
) end function declare
function declare void walkInitialPose(
) end function declare
function declare void walkInitialPoseFine(
) end function declare
function declare void walkFinalPose(
) end function declare
function declare void walkFinalPoseFine(
) end function declare
function declare void walkInit(
) end function declare
function declare void walkPhasa1(
) end function declare
function declare void walkPhasa3(
) end function declare
function declare void walkPhasa2(
) end function declare
function declare void walkPhasa4(
) end function declare
function declare void walkCycle(
 int 2:half
) end function declare
function declare void mixing(
) end function declare
function declare void runTest(
) end function declare
function declare void main(
) end function declare

//==================
//  functions bodies
function declare int sfVpuVersion(
) end function declare
{
}



function declare int sfCreateTask(
 *<void()> 3:fun
 int 2:stackSize
) end function declare
{
}



function declare void sfLog(
 cstring 5:title
 int 4:p1
 int 3:p2
 int 2:p3
) end function declare
{
}



function declare void sfLogOpen(
 cstring 2:fname
) end function declare
{
}



function declare void sfLogClose(
) end function declare
{
}



function declare void sfWaitFrameOut(
 int 2:frame
) end function declare
{
}



function declare int sfIsFrameOut(
 int 2:frame
) end function declare
{
}



function declare void sfWaitNextFrame(
) end function declare
{
}



function declare int sfSlotIndex(
 cstring 2:str
) end function declare
{
}



function declare int sfAbs(
 int 2:val
) end function declare
{
}



function declare int sfIMin(
 int 3:v1
 int 2:v2
) end function declare
{
}



function declare int sfIMax(
 int 3:v1
 int 2:v2
) end function declare
{
}



function declare int sfUMin(
 int 3:v1
 int 2:v2
) end function declare
{
}



function declare int sfUMax(
 int 3:v1
 int 2:v2
) end function declare
{
}



function declare int sfILimit(
 int 4:val
 int 3:minVal
 int 2:maxVal
) end function declare
{
}



function declare void sfStop(
) end function declare
{
}



function declare void sfStartSlot(
 int 2:slotIndex
) end function declare
{
}



function declare void sfBip(
 int 3:bipCount
 int 2:seriesCount
) end function declare
{
}



function declare void sfWriteFlash(
) end function declare
{
}



function declare void sfFreeGroup(
 int 2:unitMask
) end function declare
{
}



function declare void sfPoseGroup(
 int 4:unitMask
 int 3:angle
 int 2:frameCount
) end function declare
{
}



function declare void sfPoseGroupDelay(
 int 5:unitMask
 int 4:angle
 int 3:frameCount
 int 2:frameDelay
) end function declare
{
}



function declare void sfPoseCorrect(
 int 3:unitMask
 int 2:angle
) end function declare
{
}



function declare void sfQueueGroup(
 int 4:unitMask
 int 3:angle
 int 2:frameCount
) end function declare
{
}



function declare void sfPoseIdx(
 int 4:idx
 int 3:angle
 int 2:frameCount
) end function declare
{
}



function declare void sfPoseGroupLin(
 int 4:unitMask
 int 3:angle
 int 2:frameCount
) end function declare
{
}



function declare void sfStrainGroup(
 int 2:unitMask
) end function declare
{
}



function declare void sfPlaySamples(
 int 4:unitMask
 *cblock 3:samples
 int 2:frameCount
) end function declare
{
}



function declare void sfAccumSetup1(
 *int 2:ch0
) end function declare
{
}



function declare void sfAccumSetup2(
 *int 3:ch0
 *int 2:ch1
) end function declare
{
}



function declare void sfAccumSetup3(
 *int 4:ch0
 *int 3:ch1
 *int 2:ch2
) end function declare
{
}



function declare void sfAccumSetup4(
 *int 5:ch0
 *int 4:ch1
 *int 3:ch2
 *int 2:ch3
) end function declare
{
}



function declare void sfAccumTrigger(
) end function declare
{
}



function declare void sfAccumReset(
) end function declare
{
}



function declare int sfMathAcos(
 int 3:numerator
 int 2:denumerator
) end function declare
{
}



function declare int sfMathSqrti(
 int 2:v
) end function declare
{
}



function declare int sfMathAngleOfTriangle(
 int 4:sideA
 int 3:sideB
 int 2:sideC
) end function declare
{
}



function declare int sfMathAngleOfKnee(
 int 4:hip
 int 3:shin
 int 2:height
) end function declare
{
}



function declare int sfMathCathetOfSquareTriangle(
 int 3:cathet
 int 2:hypotenuse
) end function declare
{
}



function declare int sfMathHypotenuseOfSquareTriangle(
 int 3:cathet1
 int 2:cathet2
) end function declare
{
}



function declare int sfMathTableSin(
 int 3:index
 int 2:value
) end function declare
{
}



function declare void sfHumoModelSetup(
) end function declare
{
}



function declare void sfHumoModelFootAtFloor(
 int 4:front
 int 3:side
 int 2:height
) end function declare
{
}



function declare void sfHumoModelFootPush(
 int 4:back
 int 3:side
 int 2:height
) end function declare
{
}



function declare int sfIndexOfMask(
 int 2:unitMask
) end function declare
{
}



function declare int sfQueueIdxAppend(
 int 4:unitIndex
 int 3:val
 int 2:frameCount
) end function declare
{
}



function declare int sfQueueIdxOffsets(
 int 5:unitIndex
 int 4:from
 *cblock 3:offsets
 int 2:offsetCount
) end function declare
{
}



function declare int sfQueueIdxSinMove(
 int 5:unitIndex
 int 4:from
 int 3:to
 int 2:frameCount
) end function declare
{
}



function declare int sfQueueIdxLast(
 int 2:unitIndex
) end function declare
{
}



function declare int sfQueueIdxCount(
 int 2:unitIndex
) end function declare
{
}



function declare int sfQueueMax(
) end function declare
{
}



function declare void sfIkSetup(
) end function declare
{
}



function declare void sfIkAngle(
 float 8:xt
 float 7:yt
 float 6:zt
 float 5:x
 float 4:y
 float 3:z
 float 2:w
) end function declare
{
}



function declare float sfMathCos(
 float 2:r
) end function declare
{
}



function declare float sfMathSin(
 float 2:r
) end function declare
{
}



function declare void sfQuaternionToEuler(
 float 5:x
 float 4:y
 float 3:z
 float 2:w
) end function declare
{
}



function declare void sfQuaternionToEulerImu(
) end function declare
{
}



function declare float sfFMathACos(
 float 2:v
) end function declare
{
}



function declare float sfFMathASin(
 float 2:v
) end function declare
{
}



function declare float sfFMathATan(
 float 2:v
) end function declare
{
}



function declare float sfFMathATan2(
 float 3:y
 float 2:x
) end function declare
{
}



function declare float sfFMathCos(
 float 2:r
) end function declare
{
}



function declare float sfFMathSin(
 float 2:r
) end function declare
{
}



function declare float sfFMathTan(
 float 2:r
) end function declare
{
}



function declare float sfFMathCosh(
 float 2:v
) end function declare
{
}



function declare float sfFMathSinh(
 float 2:v
) end function declare
{
}



function declare float sfFMathTanh(
 float 2:v
) end function declare
{
}



function declare float sfFMathExp(
 float 2:v
) end function declare
{
}



function declare float sfFMathFrExp(
 float 3:v
 *int 2:num
) end function declare
{
}



function declare float sfFMathLdExp(
 float 3:num
 int 2:exp
) end function declare
{
}



function declare float sfFMathLog(
 float 2:v
) end function declare
{
}



function declare float sfFMathLog10(
 float 2:v
) end function declare
{
}



function declare float sfFMathModf(
 float 3:num
 *float 2:ptr
) end function declare
{
}



function declare float sfFMathPow(
 float 3:base
 float 2:exp
) end function declare
{
}



function declare float sfFMathSqrt(
 float 2:v
) end function declare
{
}



function declare float sfFMathCeil(
 float 2:v
) end function declare
{
}



function declare float sfFMathFAbs(
 float 2:v
) end function declare
{
}



function declare float sfFMathFloor(
 float 2:v
) end function declare
{
}



function declare float sfFMathFMod(
 float 3:x
 float 2:y
) end function declare
{
}



function declare void sfQuaternionToMatrix(
 *:SfMatrix3x3 6:mat
 float 5:qx
 float 4:qy
 float 3:qz
 float 2:qw
) end function declare
{
}



function declare void sfQuaternionToMatrixImu(
 *:SfMatrix3x3 2:mat
) end function declare
{
}



function declare void sfGravityVector(
 *:SfVector3 2:vec
) end function declare
{
}



function declare void sfVec3Set(
 *:SfVector3 5:vec
 float 4:x
 float 3:y
 float 2:z
) end function declare
{
}



function declare void sfVec3Sum(
 *:SfVector3 4:destVec
 *:SfVector3 3:srcVec1
 *:SfVector3 2:srcVec2
) end function declare
{
}



function declare void sfVec3Diff(
 *:SfVector3 4:destVec
 *:SfVector3 3:srcVec1
 *:SfVector3 2:srcVec2
) end function declare
{
}



function declare float sfVec3MulRowColCx(
 *:SfVector3 5:row
 float 4:c0
 float 3:c1
 float 2:c2
) end function declare
{
}



function declare float sfVec3MulRowCol(
 *:SfVector3 3:row
 *:SfVector3 2:col
) end function declare
{
}



function declare void sfVec3ScSum(
 *:SfVector3 4:destVec
 *:SfVector3 3:srcVec
 float 2:scalar
) end function declare
{
}



function declare void sfVec3ScDiff(
 *:SfVector3 4:destVec
 *:SfVector3 3:srcVec
 float 2:scalar
) end function declare
{
}



function declare void sfVec3ScMul(
 *:SfVector3 4:destVec
 *:SfVector3 3:srcVec
 float 2:scalar
) end function declare
{
}



function declare void sfVec3ScDiv(
 *:SfVector3 4:destVec
 *:SfVector3 3:srcVec
 float 2:scalar
) end function declare
{
}



function declare void sfMat3x3Set(
 *:SfMatrix3x3 11:destMat
 float 10:m00
 float 9:m01
 float 8:m02
 float 7:m10
 float 6:m11
 float 5:m12
 float 4:m20
 float 3:m21
 float 2:m22
) end function declare
{
}



function declare void sfMat3x3SetAll(
 *:SfMatrix3x3 3:destMat
 float 2:val
) end function declare
{
}



function declare void sfMat3x3SetDiag(
 *:SfMatrix3x3 3:destMat
 float 2:val
) end function declare
{
}



function declare void sfMat3x3Copy(
 *:SfMatrix3x3 3:destMat
 *:SfMatrix3x3 2:srcMat
) end function declare
{
}



function declare void sfMat3x3Transpose(
 *:SfMatrix3x3 3:destMat
 *:SfMatrix3x3 2:srcMat
) end function declare
{
}



function declare void sfMat3x3Mul(
 *:SfMatrix3x3 4:destMat
 *:SfMatrix3x3 3:srcMat1
 *:SfMatrix3x3 2:srcMat2
) end function declare
{
}



function declare void sfMat3x3ScMul(
 *:SfMatrix3x3 4:destMat
 *:SfMatrix3x3 3:srcMat
 float 2:scalar
) end function declare
{
}



function declare void sfMat3x3MulCol(
 *:SfVector3 4:destVec
 *:SfMatrix3x3 3:srcMat
 *:SfVector3 2:colVec
) end function declare
{
}



function declare void sfMat3x3RowMul(
 *:SfVector3 4:destVec
 *:SfVector3 3:rowVec
 *:SfMatrix3x3 2:srcMat
) end function declare
{
}



function declare void sfWaitFrame(
 int 2:frame
) end function declare
{
 {
 call  <function declare void sfWaitFrameOut(
 int 2:frame
) end function declare
> 
 return
 }
}



function declare void setup(
) end function declare
{
 {
  ( <int 5:orderFromHead> ) = (0) 
  ( <int 60:flag_event> ) = (0) 
  ( <int 6:cycle_number> ) = (10) 
  ( <float 27:rotationYieldRight> ) = (0.23) 
  ( <float 28:rotationYieldLeft> ) = (0.23) 
  ( <float 1215:svIkA5> ) = (40.2) 
  ( <float 1216:svIkB5> ) = (0) 
  ( <float 1217:svIkC5> ) = (0) 
  ( <float 1218:svIkA6> ) = (0) 
  ( <float 1219:svIkA7> ) = (99) 
  ( <float 1220:svIkA8> ) = (99) 
  ( <float 1221:svIkA9> ) = (0) 
  ( <float 1222:svIkA10> ) = (13.7) 
  ( <float 1223:svIkB10> ) = (23.8) 
  ( <float 1224:svIkC10> ) = (0) 
  ( <float 44:e10> ) = (55) 
  ( <float 45:d10> ) = (62) 
  ( <float 1225:svIkLimA5min> ) = ( ( -(90) ) * (0.0174533) ) 
  ( <float 1226:svIkLimA5max> ) = ( (90) * (0.0174533) ) 
  ( <float 1227:svIkLimA6min> ) = ( ( -(108) ) * (0.0174533) ) 
  ( <float 1228:svIkLimA6max> ) = ( (15) * (0.0174533) ) 
  ( <float 1229:svIkLimA7min> ) = ( ( -(130) ) * (0.0174533) ) 
  ( <float 1230:svIkLimA7max> ) = ( (50) * (0.0174533) ) 
  ( <float 1231:svIkLimA8min> ) = ( ( -(180) ) * (0.0174533) ) 
  ( <float 1232:svIkLimA8max> ) = ( (8) * (0.0174533) ) 
  ( <float 1233:svIkLimA9min> ) = ( ( -(45) ) * (0.0174533) ) 
  ( <float 1234:svIkLimA9max> ) = ( (78) * (0.0174533) ) 
  ( <float 1235:svIkLimA10min> ) = ( ( -(24) ) * (0.0174533) ) 
  ( <float 1236:svIkLimA10max> ) = ( (24) * (0.0174533) ) 
 call  <function declare void sfIkSetup(
) end function declare
> 
  ( <int 29:framestep> ) = (2) 
  ( <float 52:ztr0> ) = ( -( ( ( ( ( ( ( <float 1217:svIkC5> ) + ( <float 1218:svIkA6> ) ) + ( <float 1219:svIkA7> ) ) + ( <float 1220:svIkA8> ) ) + ( <float 1221:svIkA9> ) ) + ( <float 1223:svIkB10> ) ) - (1) ) ) 
  ( <float 53:ztl0> ) = ( -( ( ( ( ( ( ( <float 1217:svIkC5> ) + ( <float 1218:svIkA6> ) ) + ( <float 1219:svIkA7> ) ) + ( <float 1220:svIkA8> ) ) + ( <float 1221:svIkA9> ) ) + ( <float 1223:svIkB10> ) ) - (1) ) ) 
  ( <float 35:zr> ) = ( ( <float 42:zl> ) = ( -(1) ) ) 
  ( <int 23:selfInitPoses> ) = (10) 
  ( <float 17:stepLength> ) = (0) 
  ( <float 18:sideLength> ) = (0) 
  ( <float 19:rotation> ) = (0) 
  ( <int 20:selfFirstLegIsRightLeg> ) = (1) 
  ( <int 21:motion_to_right> ) = (1) 
  ( <float 22:side_motion> ) = (0) 
  ( <int 23:selfInitPoses> ) = (20) 
  ( <float 54:stepZtr> ) = ( ( ( <float 52:ztr0> ) + ( <int 12:gaitHeight> ) ) / ( <int 23:selfInitPoses> ) ) 
  ( <float 55:stepZtl> ) = ( ( ( <float 53:ztl0> ) + ( <int 12:gaitHeight> ) ) / ( <int 23:selfInitPoses> ) ) 
  ( <float 15:solyLandingSkew> ) = (0) 
  ( <float 62:tors_angle> ) = (0) 
  ( <float 56:stepYtr> ) = ( ( ( <float 46:amplitude> ) / (2) ) / ( <int 23:selfInitPoses> ) ) 
  ( <float 57:stepYtl> ) = ( ( ( <float 46:amplitude> ) / (2) ) / ( <int 23:selfInitPoses> ) ) 
  ( <float 47:alpha01> ) = (3.14159) 
 if   ( <int 4:timeStep> ) = (2) 
  ( <int 8:stepLengthOrder> ) = (50) 
  ( <float 16:ugol_torsa> ) = (0.3) 
  ( <float 14:bodyTiltAtWalk> ) = (0.055) 
  ( <int 7:hipTilt> ) = (0) 
  ( <int 12:gaitHeight> ) = (190) 
  ( <int 13:stepHeight> ) = (40) 
  ( <int 9:fps> ) = (4) 
  ( <int 10:fr1> ) = (5) 
  ( <int 11:fr2> ) = (7) 
  ( <float 46:amplitude> ) = (32) 
 if  return
 }
}



function declare void stabilizeRotationByIMU(
) end function declare
{
 {
 call  <function declare void sfQuaternionToEulerImu(
) end function declare
> 
  ( <float 19:rotation> ) = ( ( ( <float 64:forwardDirection> ) - ( <float 1025:svEulerYaw> ) ) * (1.1) ) 
 if  if  if  if   ( <float 65:correctedRotation> ) = ( ( ( ( <float 19:rotation> ) * (0.25) ) * (0.23) ) / ( ( ( <float 19:rotation> ) <= (0)  ?  <float 27:rotationYieldRight>  :  <float 28:rotationYieldLeft> ) ) ) 
 if  return
 }
}



function declare int computeAlphaForWalk(
) end function declare
{
 {
  ( <int 59:flag> ) = (0) 
  ( <int 63:torsoAdd> ) = ( ( <float 62:tors_angle> ) * (2607.59) ) 
 call  <function declare void stabilizeRotationByIMU(
) end function declare
> 
 if  if  call  <function declare void sfIkAngle(
 float 8:xt
 float 7:yt
 float 6:zt
 float 5:x
 float 4:y
 float 3:z
 float 2:w
) end function declare
> 
 if  call  <function declare void sfIkAngle(
 float 8:xt
 float 7:yt
 float 6:zt
 float 5:x
 float 4:y
 float 3:z
 float 2:w
) end function declare
> 
 if  if  if  call  <function declare void sfWaitFrame(
 int 2:frame
) end function declare
> 
 if  return 1
 }
}



function declare void computeAlphaForWalkFine(
 int 2:frameCount
) end function declare
{
 {
 call  <function declare void sfIkAngle(
 float 8:xt
 float 7:yt
 float 6:zt
 float 5:x
 float 4:y
 float 3:z
 float 2:w
) end function declare
> 
 if  call  <function declare void sfIkAngle(
 float 8:xt
 float 7:yt
 float 6:zt
 float 5:x
 float 4:y
 float 3:z
 float 2:w
) end function declare
> 
 if  call  <function declare void sfPoseGroupLin(
 int 4:unitMask
 int 3:angle
 int 2:frameCount
) end function declare
> 
 call  <function declare void sfPoseGroupLin(
 int 4:unitMask
 int 3:angle
 int 2:frameCount
) end function declare
> 
 call  <function declare void sfPoseGroupLin(
 int 4:unitMask
 int 3:angle
 int 2:frameCount
) end function declare
> 
 call  <function declare void sfWaitFrame(
 int 2:frame
) end function declare
> 
 return
 }
}



function declare void testDrop(
) end function declare
{
 {
 if  return
 }
}



function declare void walkInitialPose(
) end function declare
{
 {
  ( <float 30:xtr> ) = ( ( <float 37:xtl> ) = (0) ) 
 loop return
 }
}



function declare void walkInitialPoseFine(
) end function declare
{
 {
  ( <float 30:xtr> ) = ( ( <float 37:xtl> ) = (0) ) 
  ( <float 32:ztr> ) = ( ( <float 39:ztl> ) = ( -( <int 12:gaitHeight> ) ) ) 
  ( <float 31:ytr> ) = ( ( -( <float 45:d10> ) ) - ( ( <float 46:amplitude> ) / (2) ) ) 
  ( <float 38:ytl> ) = ( ( <float 45:d10> ) - ( ( <float 46:amplitude> ) / (2) ) ) 
 call  <function declare void computeAlphaForWalkFine(
 int 2:frameCount
) end function declare
> 
 return
 }
}



function declare void walkFinalPose(
) end function declare
{
 {
 loop return
 }
}



function declare void walkFinalPoseFine(
) end function declare
{
 {
  ( <float 30:xtr> ) = ( ( <float 37:xtl> ) = (0) ) 
  ( <float 32:ztr> ) = ( ( <float 39:ztl> ) = ( -( ( ( ( ( ( ( <float 1217:svIkC5> ) + ( <float 1218:svIkA6> ) ) + ( <float 1219:svIkA7> ) ) + ( <float 1220:svIkA8> ) ) + ( <float 1221:svIkA9> ) ) + ( <float 1223:svIkB10> ) ) - (1) ) ) ) 
  ( <float 31:ytr> ) = ( -( <float 45:d10> ) ) 
  ( <float 38:ytl> ) = ( <float 45:d10> ) 
 call  <function declare void computeAlphaForWalkFine(
 int 2:frameCount
) end function declare
> 
 return
 }
}



function declare void walkInit(
) end function declare
{
 {
 if   ( <float 48:correctedStepLenght> ) = ( <float 17:stepLength> ) 
  ( <float 49:correctedStepLenghtHalf> ) = ( ( <float 48:correctedStepLenght> ) / (2) ) 
  ( <float 50:correctedSideLenght> ) = ( <float 18:sideLength> ) 
  ( <float 51:correctedSideLenghtHalf> ) = ( ( <float 50:correctedSideLenght> ) / (2) ) 
  ( <float 78:stepRotation> ) = ( ( ( <float 65:correctedRotation> ) / ( ( <int 11:fr2> ) - (2) ) ) * (2) ) 
  ( <float 69:dx0Typical> ) = ( ( <float 48:correctedStepLenght> ) / ( ( (2) * ( <int 10:fr1> ) ) + ( <int 11:fr2> ) ) ) 
  ( <float 70:dy0Typical> ) = ( ( <float 50:correctedSideLenght> ) / ( ( (2) * ( <int 10:fr1> ) ) + ( <int 11:fr2> ) ) ) 
  ( <float 61:dobavka_x_ot_torsa> ) = ( ( ( ( <float 1215:svIkA5> ) * (2) ) * (call  <function declare float sfMathSin(
 float 2:r
) end function declare
> ) ) / ( <int 11:fr2> ) ) 
  ( <float 33:xr> ) = ( ( <float 40:xl> ) = ( <float 14:bodyTiltAtWalk> ) ) 
  ( <float 41:yl> ) = ( <float 15:solyLandingSkew> ) 
  ( <float 34:yr> ) = ( -( <float 15:solyLandingSkew> ) ) 
  ( <float 72:fase_offset> ) = (0.7) 
 return
 }
}



function declare void walkPhasa1(
) end function declare
{
 {
  ( <float 39:ztl> ) = ( ( <float 32:ztr> ) = ( -( <int 12:gaitHeight> ) ) ) 
  ( <float 79:xtl_plan> ) = ( ( ( <float 48:correctedStepLenght> ) * ( (0.5) - ( ( <int 10:fr1> ) / ( ( (2) * ( <int 10:fr1> ) ) + ( <int 11:fr2> ) ) ) ) ) - ( ( ( ( <float 61:dobavka_x_ot_torsa> ) * ( <int 10:fr1> ) ) * ( <int 11:fr2> ) ) / ( ( (2) * ( <int 10:fr1> ) ) + ( <int 11:fr2> ) ) ) ) 
 loop return
 }
}



function declare void walkPhasa3(
) end function declare
{
 {
  ( <float 39:ztl> ) = ( ( <float 32:ztr> ) = ( -( <int 12:gaitHeight> ) ) ) 
  ( <float 80:xtr_plan> ) = ( ( ( <float 48:correctedStepLenght> ) * ( (0.5) - ( ( <int 10:fr1> ) / ( ( (2) * ( <int 10:fr1> ) ) + ( <int 11:fr2> ) ) ) ) ) - ( ( ( ( <float 61:dobavka_x_ot_torsa> ) * ( <int 10:fr1> ) ) * ( <int 11:fr2> ) ) / ( ( (2) * ( <int 10:fr1> ) ) + ( <int 11:fr2> ) ) ) ) 
 loop return
 }
}



function declare void walkPhasa2(
) end function declare
{
 {
  ( <float 36:wr> ) = (0) 
  ( <float 43:wl> ) = (0) 
  ( <float 74:dy> ) = ( ( <float 50:correctedSideLenght> ) / ( <int 11:fr2> ) ) 
  ( <float 79:xtl_plan> ) = ( ( ( <float 48:correctedStepLenght> ) * ( (0.5) - ( ( ( <int 10:fr1> ) + ( <int 11:fr2> ) ) / ( ( (2) * ( <int 10:fr1> ) ) + ( <int 11:fr2> ) ) ) ) ) + ( ( ( ( <float 61:dobavka_x_ot_torsa> ) * ( <int 10:fr1> ) ) * ( <int 11:fr2> ) ) / ( ( (2) * ( <int 10:fr1> ) ) + ( <int 11:fr2> ) ) ) ) 
  ( <float 80:xtr_plan> ) = ( ( ( ( <float 48:correctedStepLenght> ) * (0.5) ) + ( <float 69:dx0Typical> ) ) + ( <float 61:dobavka_x_ot_torsa> ) ) 
 loop return
 }
}



function declare void walkPhasa4(
) end function declare
{
 {
  ( <float 36:wr> ) = (0) 
  ( <float 43:wl> ) = (0) 
  ( <float 74:dy> ) = ( ( <float 50:correctedSideLenght> ) / ( ( <int 11:fr2> ) - (2) ) ) 
 if  loop return
 }
}



function declare void walkCycle(
 int 2:half
) end function declare
{
 {
 float -1:xrOld
 float -2:yrOld
 float -3:xlOld
 float -4:ylOld
  {
   ( <float -1:xrOld> ) = ( <float 33:xr> ) 
  }
  {
   ( <float -2:yrOld> ) = ( <float 34:yr> ) 
  }
  {
   ( <float -3:xlOld> ) = ( <float 40:xl> ) 
  }
  {
   ( <float -4:ylOld> ) = ( <float 41:yl> ) 
  }
 call  <function declare void walkInit(
) end function declare
> 
 call  <function declare void walkPhasa1(
) end function declare
> 
 call  <function declare void walkPhasa2(
) end function declare
> 
 if   ( <float 33:xr> ) = ( <float -1:xrOld> ) 
  ( <float 34:yr> ) = ( <float -2:yrOld> ) 
  ( <float 40:xl> ) = ( <float -3:xlOld> ) 
  ( <float 41:yl> ) = ( <float -4:ylOld> ) 
 return
 }
}



function declare void mixing(
) end function declare
{
 {
  ( <int 82:leftRightFactor> ) = (100) 
  ( <int 83:frontBackFactor> ) = (180) 
 loop return
 }
}



function declare void runTest(
) end function declare
{
 {
 int -1:i
 call  <function declare void walkInitialPoseFine(
) end function declare
> 
  ( <int 58:stepType> ) = (0) 
  ( <float 17:stepLength> ) = ( ( <int 8:stepLengthOrder> ) / (3) ) 
 call  <function declare void walkCycle(
 int 2:half
) end function declare
> 
  ( <int 58:stepType> ) = (2) 
  ( <float 17:stepLength> ) = ( ( ( <int 8:stepLengthOrder> ) * (2) ) / (3) ) 
 call  <function declare void walkCycle(
 int 2:half
) end function declare
> 
  ( <float 17:stepLength> ) = ( ( <int 8:stepLengthOrder> ) * (1) ) 
  {
  }
 loop  ( <int 58:stepType> ) = (1) 
 call  <function declare void walkCycle(
 int 2:half
) end function declare
> 
 call  <function declare void walkFinalPoseFine(
) end function declare
> 
 return
 }
}



function declare void main(
) end function declare
{
 {
 int -1:frameCount
  ( <int 2:restart_flag> ) = (0) 
  ( <int 3:pitStop> ) = (0) 
 call  <function declare void setup(
) end function declare
> 
  {
   ( <int -1:frameCount> ) = (80) 
  }
 call  <function declare void sfPoseGroup(
 int 4:unitMask
 int 3:angle
 int 2:frameCount
) end function declare
> 
 call  <function declare void sfWaitFrame(
 int 2:frame
) end function declare
> 
 call  <function declare void sfQuaternionToEulerImu(
) end function declare
> 
  ( <float 64:forwardDirection> ) = ( <float 1025:svEulerYaw> ) 
 call  <function declare int sfCreateTask(
 *<void()> 3:fun
 int 2:stackSize
) end function declare
> 
 loop  ( <int 1022:svButtonRight> ) = ( -(1) ) 
  ( <int 1021:svButtonLeft> ) = ( -(1) ) 
 call  <function declare void sfBip(
 int 3:bipCount
 int 2:seriesCount
) end function declare
> 
 loop  ( <int 1022:svButtonRight> ) = (66) 
  ( <int 1021:svButtonLeft> ) = (69) 
  ( <int 2:restart_flag> ) = (1) 
 call  <function declare void runTest(
) end function declare
> 
 return
 }
}




Compilation success
